app/build/intermediates/manifest_merge_blame_file/debug/manifest-merger-blame-debug-report.txt
1<?xml version="1.0" encoding="utf-8"?>
2<!--
3     Copyright (C) 2014 The Android Open Source Project
4
5     Licensed under the Apache License, Version 2.0 (the "License");
6     you may not use this file except in compliance with the License.
7     You may obtain a copy of the License at
8
9          http://www.apache.org/licenses/LICENSE-2.0
10
11     Unless required by applicable law or agreed to in writing, software
12     distributed under the License is distributed on an "AS IS" BASIS,
13     WITHOUT WARRANTIES OR CONDITIONS OF ANY KIND, either express or implied.
14     See the License for the specific language governing permissions and
15     limitations under the License.
16-->
17<manifest xmlns:android="http://schemas.android.com/apk/res/android"
18    package="com.example.android.tvleanback"
19    android:versionCode="2"
20    android:versionName="1.3" >
21
22    <uses-sdk
23        android:minSdkVersion="21"
23-->src/main/AndroidManifest.xml
24        android:targetSdkVersion="28" />
24-->src/main/AndroidManifest.xml
25
26    <permission
27        android:name="com.example.android.tvleanback.ACCESS_VIDEO_DATA"
27-->src/main/AndroidManifest.xml:21:9-58
28        android:protectionLevel="signature" />
28-->src/main/AndroidManifest.xml:22:9-44
29
30    <uses-permission android:name="com.example.android.tvleanback.ACCESS_VIDEO_DATA" />
30-->src/main/AndroidManifest.xml:24:22-71
31    <uses-permission android:name="android.permission.INTERNET" />
31-->src/main/AndroidManifest.xml:25:5-67
31-->src/main/AndroidManifest.xml:25:22-64
32    <uses-permission android:name="android.permission.RECEIVE_BOOT_COMPLETED" />
32-->src/main/AndroidManifest.xml:26:5-81
32-->src/main/AndroidManifest.xml:26:22-78
33    <uses-permission android:name="android.permission.RECORD_AUDIO" />
33-->src/main/AndroidManifest.xml:27:5-71
33-->src/main/AndroidManifest.xml:27:22-68
34
35    <uses-feature
35-->src/main/AndroidManifest.xml:29:5-31:36
36        android:name="android.hardware.microphone"
36-->src/main/AndroidManifest.xml:30:9-51
37        android:required="false" />
37-->src/main/AndroidManifest.xml:31:9-33
38    <uses-feature
38-->src/main/AndroidManifest.xml:32:5-34:36
39        android:name="android.hardware.touchscreen"
39-->src/main/AndroidManifest.xml:33:9-52
40        android:required="false" />
40-->src/main/AndroidManifest.xml:34:9-33
41    <uses-feature
41-->src/main/AndroidManifest.xml:35:5-37:35
42        android:name="android.software.leanback"
42-->src/main/AndroidManifest.xml:36:9-49
43        android:required="true" />
43-->src/main/AndroidManifest.xml:37:9-32
44
45    <application
45-->src/main/AndroidManifest.xml:39:5-140:19
46        android:allowBackup="false"
46-->src/main/AndroidManifest.xml:40:9-36
47        android:appComponentFactory="androidx.core.app.CoreComponentFactory"
47-->[androidx.core:core:1.0.0] AndroidManifest.xml:22:18-86
48        android:banner="@drawable/videos_by_google_banner"
48-->src/main/AndroidManifest.xml:41:9-59
49        android:debuggable="true"
50        android:icon="@drawable/app_icon_quantum"
50-->src/main/AndroidManifest.xml:42:9-50
51        android:label="@string/app_name"
51-->src/main/AndroidManifest.xml:43:9-41
52        android:logo="@drawable/videos_by_google_banner"
52-->src/main/AndroidManifest.xml:44:9-57
53        android:testOnly="true"
54        android:theme="@style/Theme.Leanback" >
54-->src/main/AndroidManifest.xml:45:9-46
55        <activity
55-->src/main/AndroidManifest.xml:47:9-59:20
56            android:name="com.example.android.tvleanback.ui.MainActivity"
56-->src/main/AndroidManifest.xml:48:13-44
57            android:icon="@drawable/videos_by_google_banner"
57-->src/main/AndroidManifest.xml:49:13-61
58            android:label="@string/app_name"
58-->src/main/AndroidManifest.xml:50:13-45
59            android:logo="@drawable/videos_by_google_banner"
59-->src/main/AndroidManifest.xml:51:13-61
60            android:screenOrientation="landscape"
60-->src/main/AndroidManifest.xml:52:13-50
61            android:theme="@style/Theme.Leanback.Browse" >
61-->src/main/AndroidManifest.xml:53:13-57
62            <intent-filter>
62-->src/main/AndroidManifest.xml:54:13-58:29
63                <action android:name="android.intent.action.MAIN" />
63-->src/main/AndroidManifest.xml:55:17-69
63-->src/main/AndroidManifest.xml:55:25-66
64
65                <category android:name="android.intent.category.LEANBACK_LAUNCHER" />
65-->src/main/AndroidManifest.xml:57:17-86
65-->src/main/AndroidManifest.xml:57:27-83
66            </intent-filter>
67        </activity>
68        <activity android:name="com.example.android.tvleanback.mobile.MobileWelcomeActivity" >
68-->src/main/AndroidManifest.xml:61:9-67:20
68-->src/main/AndroidManifest.xml:61:19-63
69            <intent-filter>
69-->src/main/AndroidManifest.xml:62:13-66:29
70                <action android:name="android.intent.action.MAIN" />
70-->src/main/AndroidManifest.xml:55:17-69
70-->src/main/AndroidManifest.xml:55:25-66
71
72                <category android:name="android.intent.category.LAUNCHER" />
72-->src/main/AndroidManifest.xml:65:17-77
72-->src/main/AndroidManifest.xml:65:27-74
73            </intent-filter>
74        </activity>
75
76        <meta-data
76-->src/main/AndroidManifest.xml:69:9-70:56
77            android:name="android.app.default_searchable"
77-->src/main/AndroidManifest.xml:69:20-65
78            android:value=".ui.VideoDetailsActivity" />
78-->src/main/AndroidManifest.xml:70:13-53
79
80        <activity
80-->src/main/AndroidManifest.xml:71:9-86:20
81            android:name="com.example.android.tvleanback.ui.VideoDetailsActivity"
81-->src/main/AndroidManifest.xml:72:13-52
82            android:exported="true"
82-->src/main/AndroidManifest.xml:73:13-36
83            android:theme="@style/Theme.Leanback.Details" >
83-->src/main/AndroidManifest.xml:74:13-58
84
85            <!-- Receives the search request. -->
86            <intent-filter>
86-->src/main/AndroidManifest.xml:77:13-80:29
87                <action android:name="android.intent.action.SEARCH" />
87-->src/main/AndroidManifest.xml:78:17-71
87-->src/main/AndroidManifest.xml:78:25-68
88                <!-- No category needed, because the Intent will specify this class component -->
89            </intent-filter>
90
91            <!-- Points to searchable meta data. -->
92            <meta-data
92-->src/main/AndroidManifest.xml:83:13-85:54
93                android:name="android.app.searchable"
93-->src/main/AndroidManifest.xml:84:17-54
94                android:resource="@xml/searchable" />
94-->src/main/AndroidManifest.xml:85:17-51
95        </activity>
96        <activity
96-->src/main/AndroidManifest.xml:87:9-91:49
97            android:name="com.example.android.tvleanback.ui.PlaybackActivity"
97-->src/main/AndroidManifest.xml:88:13-48
98            android:configChanges="screenSize|smallestScreenSize|screenLayout|orientation|layoutDirection"
98-->src/main/AndroidManifest.xml:89:13-107
99            android:launchMode="singleTask"
99-->src/main/AndroidManifest.xml:90:13-44
100            android:resizeableActivity="true" />
100-->src/main/AndroidManifest.xml:91:13-46
101        <activity
101-->src/main/AndroidManifest.xml:92:9-96:66
102            android:name="com.example.android.tvleanback.ui.VerticalGridActivity"
102-->src/main/AndroidManifest.xml:93:13-52
103            android:exported="true"
103-->src/main/AndroidManifest.xml:94:13-36
104            android:parentActivityName="com.example.android.tvleanback.ui.MainActivity"
104-->src/main/AndroidManifest.xml:95:13-58
105            android:theme="@style/Theme.Leanback.VerticalGrid" />
105-->src/main/AndroidManifest.xml:96:13-63
106        <activity android:name="com.example.android.tvleanback.ui.SearchActivity" />
106-->src/main/AndroidManifest.xml:97:9-55
106-->src/main/AndroidManifest.xml:97:19-52
107        <activity
107-->src/main/AndroidManifest.xml:98:9-100:72
108            android:name="com.example.android.tvleanback.ui.GuidedStepActivity"
108-->src/main/AndroidManifest.xml:99:13-50
109            android:theme="@style/Theme.Example.Leanback.GuidedStep" />
109-->src/main/AndroidManifest.xml:100:13-69
110
111        <!-- Provides search suggestions for keywords against video metadata. -->
112        <provider
113            android:name="com.example.android.tvleanback.data.VideoProvider"
113-->src/main/AndroidManifest.xml:104:13-47
114            android:authorities="com.example.android.tvleanback"
114-->src/main/AndroidManifest.xml:105:13-49
115            android:exported="true"
115-->src/main/AndroidManifest.xml:107:13-36
116            android:permission="com.example.android.tvleanback.ACCESS_VIDEO_DATA" >
116-->src/main/AndroidManifest.xml:106:13-68
117            <path-permission
117-->src/main/AndroidManifest.xml:108:13-110:77
118                android:pathPrefix="/search"
118-->src/main/AndroidManifest.xml:109:17-45
119                android:readPermission="android.permission.GLOBAL_SEARCH" />
119-->src/main/AndroidManifest.xml:110:17-74
120        </provider>
121
122        <receiver
122-->src/main/AndroidManifest.xml:113:9-120:20
123            android:name="com.example.android.tvleanback.recommendation.RecommendationReceiver"
123-->src/main/AndroidManifest.xml:114:13-66
124            android:enabled="true"
124-->src/main/AndroidManifest.xml:115:13-35
125            android:exported="false" >
125-->src/main/AndroidManifest.xml:116:13-37
126            <intent-filter>
126-->src/main/AndroidManifest.xml:117:13-119:29
127                <action android:name="android.intent.action.BOOT_COMPLETED" />
127-->src/main/AndroidManifest.xml:118:17-79
127-->src/main/AndroidManifest.xml:118:25-76
128            </intent-filter>
129        </receiver>
130
131        <service
131-->src/main/AndroidManifest.xml:122:9-124:40
132            android:name="com.example.android.tvleanback.data.FetchVideoService"
132-->src/main/AndroidManifest.xml:123:13-51
133            android:exported="false" />
133-->src/main/AndroidManifest.xml:124:13-37
134        <service
134-->src/main/AndroidManifest.xml:125:9-127:38
135            android:name="com.example.android.tvleanback.recommendation.UpdateRecommendationsService"
135-->src/main/AndroidManifest.xml:126:13-72
136            android:enabled="true" />
136-->src/main/AndroidManifest.xml:127:13-35
137
138        <activity
138-->src/main/AndroidManifest.xml:129:9-132:64
139            android:name="com.example.android.tvleanback.ui.OnboardingActivity"
139-->src/main/AndroidManifest.xml:129:19-56
140            android:enabled="true"
140-->src/main/AndroidManifest.xml:130:13-35
141            android:exported="true"
141-->src/main/AndroidManifest.xml:131:13-36
142            android:theme="@style/Theme.Leanback.Onboarding" />
142-->src/main/AndroidManifest.xml:132:13-61
143        <activity
143-->src/main/AndroidManifest.xml:133:9-136:15
144            android:name="com.example.android.tvleanback.ui.SettingsActivity"
144-->src/main/AndroidManifest.xml:133:19-54
145            android:exported="true"
145-->src/main/AndroidManifest.xml:134:13-36
146            android:theme="@style/LeanbackPreferences" />
146-->src/main/AndroidManifest.xml:135:13-55
147        <activity
147-->src/main/AndroidManifest.xml:137:9-139:72
148            android:name="com.example.android.tvleanback.ui.AuthenticationActivity"
148-->src/main/AndroidManifest.xml:138:13-54
149            android:theme="@style/Theme.Example.Leanback.GuidedStep" />
149-->src/main/AndroidManifest.xml:139:13-69
150    </application>
151
152</manifest>